<?xml version="1.0" encoding="UTF-8"?>
<!-- Generated by org.testng.reporters.JUnitReportReporter -->
<testsuite hostname="IN-7250BK3" failures="0" tests="1" name="jenkinsMavenIntegration.SampleTestCase" time="15.923" errors="0" timestamp="2023-10-04T18:41:17 IST" skipped="0">
  <testcase classname="jenkinsMavenIntegration.SampleTestCase" name="lauchBrowser" time="15.923"/>
  <system-out/>
</testsuite> <!-- jenkinsMavenIntegration.SampleTestCase -->
